<?xml version="1.0" encoding="UTF-8"?>
<testng-results skipped="0" failed="0" ignored="0" total="1" passed="1">
  <reporter-output>
  </reporter-output>
  <suite name="Default suite" duration-ms="668" started-at="2019-05-02T12:30:42Z" finished-at="2019-05-02T12:30:43Z">
    <groups>
    </groups>
    <test name="Default test" duration-ms="668" started-at="2019-05-02T12:30:42Z" finished-at="2019-05-02T12:30:43Z">
      <class name="com.restassured.base.Logger_API">
        <test-method status="PASS" signature="logger()[pri:0, instance:com.restassured.base.Logger_API@457e2f02]" name="logger" duration-ms="635" started-at="2019-05-02T12:30:42Z" finished-at="2019-05-02T12:30:43Z">
          <reporter-output>
          </reporter-output>
        </test-method> <!-- logger -->
      </class> <!-- com.restassured.base.Logger_API -->
    </test> <!-- Default test -->
  </suite> <!-- Default suite -->
</testng-results>
